{"C:\\Users\\RGaridzirai\\OneDrive - Walter Sisulu University\\Desktop\\TINASHE CRISPEN G\\native-startup\\expo-testing\\with-jest\\App.tsx": {"path":"C:\\Users\\RGaridzirai\\OneDrive - Walter Sisulu University\\Desktop\\TINASHE CRISPEN G\\native-startup\\expo-testing\\with-jest\\App.tsx","statementMap":{"0":{"start":{"line":5,"column":2},"end":{"line":10,"column":4}},"1":{"start":{"line":13,"column":15},"end":{"line":20,"column":2}}},"fnMap":{"0":{"name":"App","decl":{"start":{"line":4,"column":24},"end":{"line":4,"column":27}},"loc":{"start":{"line":4,"column":30},"end":{"line":11,"column":1}},"line":4}},"branchMap":{},"s":{"0":2,"1":1},"f":{"0":2},"b":{},"_coverageSchema":"1a1c01bbd47fc00a2c39e90264f33305004495a9","hash":"9a23ab1bacfcab39e62da6d49365c877129c083d"}
,"C:\\Users\\RGaridzirai\\OneDrive - Walter Sisulu University\\Desktop\\TINASHE CRISPEN G\\native-startup\\expo-testing\\with-jest\\components\\Card\\Card.tsx": {"path":"C:\\Users\\RGaridzirai\\OneDrive - Walter Sisulu University\\Desktop\\TINASHE CRISPEN G\\native-startup\\expo-testing\\with-jest\\components\\Card\\Card.tsx","statementMap":{"0":{"start":{"line":8,"column":45},"end":{"line":15,"column":1}},"1":{"start":{"line":9,"column":2},"end":{"line":14,"column":4}}},"fnMap":{"0":{"name":"(anonymous_0)","decl":{"start":{"line":8,"column":45},"end":{"line":8,"column":46}},"loc":{"start":{"line":8,"column":66},"end":{"line":15,"column":1}},"line":8}},"branchMap":{},"s":{"0":1,"1":1},"f":{"0":1},"b":{},"_coverageSchema":"1a1c01bbd47fc00a2c39e90264f33305004495a9","hash":"f3f6caa81196633be126e88850d9d428d414471a"}
,"C:\\Users\\RGaridzirai\\OneDrive - Walter Sisulu University\\Desktop\\TINASHE CRISPEN G\\native-startup\\expo-testing\\with-jest\\components\\Comments\\Comments.tsx": {"path":"C:\\Users\\RGaridzirai\\OneDrive - Walter Sisulu University\\Desktop\\TINASHE CRISPEN G\\native-startup\\expo-testing\\with-jest\\components\\Comments\\Comments.tsx","statementMap":{"0":{"start":{"line":4,"column":17},"end":{"line":22,"column":1}},"1":{"start":{"line":5,"column":26},"end":{"line":5,"column":56}},"2":{"start":{"line":6,"column":2},"end":{"line":12,"column":9}},"3":{"start":{"line":7,"column":4},"end":{"line":11,"column":9}},"4":{"start":{"line":8,"column":26},"end":{"line":8,"column":41}},"5":{"start":{"line":10,"column":8},"end":{"line":10,"column":22}},"6":{"start":{"line":14,"column":2},"end":{"line":16,"column":3}},"7":{"start":{"line":15,"column":4},"end":{"line":15,"column":35}},"8":{"start":{"line":17,"column":2},"end":{"line":21,"column":4}}},"fnMap":{"0":{"name":"(anonymous_0)","decl":{"start":{"line":4,"column":17},"end":{"line":4,"column":18}},"loc":{"start":{"line":4,"column":23},"end":{"line":22,"column":1}},"line":4},"1":{"name":"(anonymous_1)","decl":{"start":{"line":6,"column":18},"end":{"line":6,"column":19}},"loc":{"start":{"line":6,"column":24},"end":{"line":12,"column":3}},"line":6},"2":{"name":"(anonymous_2)","decl":{"start":{"line":8,"column":12},"end":{"line":8,"column":13}},"loc":{"start":{"line":8,"column":26},"end":{"line":8,"column":41}},"line":8},"3":{"name":"(anonymous_3)","decl":{"start":{"line":9,"column":12},"end":{"line":9,"column":13}},"loc":{"start":{"line":9,"column":22},"end":{"line":11,"column":7}},"line":9}},"branchMap":{"0":{"loc":{"start":{"line":14,"column":2},"end":{"line":16,"column":3}},"type":"if","locations":[{"start":{"line":14,"column":2},"end":{"line":16,"column":3}},{"start":{},"end":{}}],"line":14},"1":{"loc":{"start":{"line":17,"column":9},"end":{"line":21,"column":3}},"type":"cond-expr","locations":[{"start":{"line":18,"column":4},"end":{"line":18,"column":31}},{"start":{"line":20,"column":4},"end":{"line":20,"column":29}}],"line":17}},"s":{"0":1,"1":8,"2":7,"3":4,"4":3,"5":3,"6":7,"7":4,"8":3},"f":{"0":8,"1":4,"2":3,"3":3},"b":{"0":[4,3],"1":[1,2]},"_coverageSchema":"1a1c01bbd47fc00a2c39e90264f33305004495a9","hash":"e5dff4345f4875b55eba6d5e396c74047e371e84"}
,"C:\\Users\\RGaridzirai\\OneDrive - Walter Sisulu University\\Desktop\\TINASHE CRISPEN G\\native-startup\\expo-testing\\with-jest\\components\\Counter\\Counter.tsx": {"path":"C:\\Users\\RGaridzirai\\OneDrive - Walter Sisulu University\\Desktop\\TINASHE CRISPEN G\\native-startup\\expo-testing\\with-jest\\components\\Counter\\Counter.tsx","statementMap":{"0":{"start":{"line":4,"column":16},"end":{"line":19,"column":1}},"1":{"start":{"line":5,"column":28},"end":{"line":5,"column":49}},"2":{"start":{"line":6,"column":30},"end":{"line":6,"column":47}},"3":{"start":{"line":7,"column":2},"end":{"line":18,"column":4}},"4":{"start":{"line":12,"column":32},"end":{"line":12,"column":57}},"5":{"start":{"line":15,"column":47},"end":{"line":15,"column":74}},"6":{"start":{"line":15,"column":63},"end":{"line":15,"column":73}},"7":{"start":{"line":16,"column":47},"end":{"line":16,"column":74}},"8":{"start":{"line":16,"column":63},"end":{"line":16,"column":73}}},"fnMap":{"0":{"name":"(anonymous_0)","decl":{"start":{"line":4,"column":16},"end":{"line":4,"column":17}},"loc":{"start":{"line":4,"column":50},"end":{"line":19,"column":1}},"line":4},"1":{"name":"(anonymous_1)","decl":{"start":{"line":12,"column":22},"end":{"line":12,"column":23}},"loc":{"start":{"line":12,"column":32},"end":{"line":12,"column":57}},"line":12},"2":{"name":"(anonymous_2)","decl":{"start":{"line":15,"column":41},"end":{"line":15,"column":42}},"loc":{"start":{"line":15,"column":47},"end":{"line":15,"column":74}},"line":15},"3":{"name":"(anonymous_3)","decl":{"start":{"line":15,"column":56},"end":{"line":15,"column":57}},"loc":{"start":{"line":15,"column":63},"end":{"line":15,"column":73}},"line":15},"4":{"name":"(anonymous_4)","decl":{"start":{"line":16,"column":41},"end":{"line":16,"column":42}},"loc":{"start":{"line":16,"column":47},"end":{"line":16,"column":74}},"line":16},"5":{"name":"(anonymous_5)","decl":{"start":{"line":16,"column":56},"end":{"line":16,"column":57}},"loc":{"start":{"line":16,"column":63},"end":{"line":16,"column":73}},"line":16}},"branchMap":{},"s":{"0":1,"1":7,"2":7,"3":7,"4":2,"5":1,"6":1,"7":1,"8":1},"f":{"0":7,"1":2,"2":1,"3":1,"4":1,"5":1},"b":{},"_coverageSchema":"1a1c01bbd47fc00a2c39e90264f33305004495a9","hash":"2ade22d3bf0fd44d8dfafd8419d6ab77de88e977"}
,"C:\\Users\\RGaridzirai\\OneDrive - Walter Sisulu University\\Desktop\\TINASHE CRISPEN G\\native-startup\\expo-testing\\with-jest\\components\\Like\\Like.tsx": {"path":"C:\\Users\\RGaridzirai\\OneDrive - Walter Sisulu University\\Desktop\\TINASHE CRISPEN G\\native-startup\\expo-testing\\with-jest\\components\\Like\\Like.tsx","statementMap":{"0":{"start":{"line":4,"column":13},"end":{"line":10,"column":1}},"1":{"start":{"line":5,"column":2},"end":{"line":9,"column":4}}},"fnMap":{"0":{"name":"(anonymous_0)","decl":{"start":{"line":4,"column":13},"end":{"line":4,"column":14}},"loc":{"start":{"line":4,"column":55},"end":{"line":10,"column":1}},"line":4}},"branchMap":{},"s":{"0":1,"1":2},"f":{"0":2},"b":{},"_coverageSchema":"1a1c01bbd47fc00a2c39e90264f33305004495a9","hash":"79a8e5225eb3084755178bb5ea24f698eeb9b8bb"}
}
